<?xml version="1.0" encoding="UTF-8"?>
<testng-results skipped="0" failed="0" ignored="0" total="1" passed="1">
  <reporter-output>
  </reporter-output>
  <suite name="Default suite" duration-ms="5063" started-at="2020-08-16T17:47:17 CDT" finished-at="2020-08-16T17:47:22 CDT">
    <groups>
    </groups>
    <test name="Default test" duration-ms="5063" started-at="2020-08-16T17:47:17 CDT" finished-at="2020-08-16T17:47:22 CDT">
      <class name="com.basic.bestpractice.ergast_com.GetCallBDD">
        <test-method status="PASS" signature="test_numberOfCircuits()[pri:0, instance:com.basic.bestpractice.ergast_com.GetCallBDD@76707e36]" name="test_numberOfCircuits" duration-ms="4990" started-at="2020-08-16T17:47:17 CDT" finished-at="2020-08-16T17:47:22 CDT">
          <reporter-output>
          </reporter-output>
        </test-method> <!-- test_numberOfCircuits -->
      </class> <!-- com.basic.bestpractice.ergast_com.GetCallBDD -->
    </test> <!-- Default test -->
  </suite> <!-- Default suite -->
</testng-results>
